<?xml version="1.0" encoding="UTF-8"?>
<!-- Generated by org.testng.reporters.JUnitReportReporter -->
<testsuite hostname="Naresh" name="com.TestSuite.AdultVt2Siblings" tests="2" failures="0" timestamp="14 Mar 2016 19:27:13 GMT" time="1333.660" errors="0">
  <testcase name="testcase1" time="669.772" classname="com.TestSuite.AdultVt2Siblings"/>
  <testcase name="testcase1" time="663.888" classname="com.TestSuite.AdultVt2Siblings"/>
</testsuite> <!-- com.TestSuite.AdultVt2Siblings -->
