<?xml version="1.0" encoding="UTF-8"?>
<!-- Generated by org.testng.reporters.JUnitReportReporter -->
<testsuite hostname="Naresh" name="com.TestSuite.SingleMemApp" tests="4" failures="0" timestamp="29 Feb 2016 18:36:32 GMT" time="2127.186" errors="0">
  <testcase name="testcase1" time="524.059" classname="com.TestSuite.SingleMemApp"/>
  <testcase name="testcase1" time="532.040" classname="com.TestSuite.SingleMemApp"/>
  <testcase name="testcase1" time="544.772" classname="com.TestSuite.SingleMemApp"/>
  <testcase name="testcase1" time="526.315" classname="com.TestSuite.SingleMemApp"/>
</testsuite> <!-- com.TestSuite.SingleMemApp -->
